2023-04-13 13:39:26 [main] INFO  c.m.d.t.t.k.s.TwitterToKafkaServiceApplication - Starting TwitterToKafkaServiceApplication using Java 20 with PID 21928 (C:\Users\hernan.sanchez\Documents\develop\demos\microservices-demo\twitter-to-kafka-service\target\classes started by hernan.sanchez in C:\Users\hernan.sanchez\Documents\develop\demos\microservices-demo)
2023-04-13 13:39:26 [main] INFO  c.m.d.t.t.k.s.TwitterToKafkaServiceApplication - No active profile set, falling back to 1 default profile: "default"
2023-04-13 13:39:27 [main] INFO  c.m.d.t.t.k.s.TwitterToKafkaServiceApplication - Started TwitterToKafkaServiceApplication in 0.742 seconds (process running for 1.542)
2023-04-13 13:39:27 [main] INFO  c.m.d.t.t.k.s.TwitterToKafkaServiceApplication - App starts...
2023-04-13 13:39:27 [main] INFO  c.m.d.t.t.k.s.TwitterToKafkaServiceApplication - [Java, Microservices, Spring, Kafka, Elasticsearch]
2023-04-13 13:42:28 [main] INFO  c.m.d.t.t.k.s.TwitterToKafkaServiceApplication - Starting TwitterToKafkaServiceApplication using Java 20 with PID 9764 (C:\Users\hernan.sanchez\Documents\develop\demos\microservices-demo\twitter-to-kafka-service\target\classes started by hernan.sanchez in C:\Users\hernan.sanchez\Documents\develop\demos\microservices-demo)
2023-04-13 13:42:28 [main] INFO  c.m.d.t.t.k.s.TwitterToKafkaServiceApplication - No active profile set, falling back to 1 default profile: "default"
2023-04-13 13:42:29 [main] INFO  c.m.d.t.t.k.s.TwitterToKafkaServiceApplication - Started TwitterToKafkaServiceApplication in 0.636 seconds (process running for 1.214)
2023-04-13 13:42:29 [main] INFO  c.m.d.t.t.k.s.TwitterToKafkaServiceApplication - App starts...
2023-04-13 13:42:29 [main] INFO  c.m.d.t.t.k.s.TwitterToKafkaServiceApplication - [Java, Microservices, Spring, Kafka, Elasticsearch]
2023-04-13 13:42:29 [main] INFO  c.m.d.t.t.k.s.TwitterToKafkaServiceApplication - null
2023-04-13 13:43:25 [main] INFO  c.m.d.t.t.k.s.TwitterToKafkaServiceApplication - Starting TwitterToKafkaServiceApplication using Java 20 with PID 16468 (C:\Users\hernan.sanchez\Documents\develop\demos\microservices-demo\twitter-to-kafka-service\target\classes started by hernan.sanchez in C:\Users\hernan.sanchez\Documents\develop\demos\microservices-demo)
2023-04-13 13:43:25 [main] INFO  c.m.d.t.t.k.s.TwitterToKafkaServiceApplication - No active profile set, falling back to 1 default profile: "default"
2023-04-13 13:43:26 [main] INFO  c.m.d.t.t.k.s.TwitterToKafkaServiceApplication - Started TwitterToKafkaServiceApplication in 0.649 seconds (process running for 1.227)
2023-04-13 13:43:26 [main] INFO  c.m.d.t.t.k.s.TwitterToKafkaServiceApplication - App starts...
2023-04-13 13:43:26 [main] INFO  c.m.d.t.t.k.s.TwitterToKafkaServiceApplication - [Java, Microservices, Spring, Kafka, Elasticsearch]
2023-04-13 13:43:26 [main] INFO  c.m.d.t.t.k.s.TwitterToKafkaServiceApplication - null
2023-04-13 13:43:46 [main] INFO  c.m.d.t.t.k.s.TwitterToKafkaServiceApplication - Starting TwitterToKafkaServiceApplication using Java 20 with PID 13196 (C:\Users\hernan.sanchez\Documents\develop\demos\microservices-demo\twitter-to-kafka-service\target\classes started by hernan.sanchez in C:\Users\hernan.sanchez\Documents\develop\demos\microservices-demo)
2023-04-13 13:43:46 [main] INFO  c.m.d.t.t.k.s.TwitterToKafkaServiceApplication - No active profile set, falling back to 1 default profile: "default"
2023-04-13 13:43:46 [main] INFO  c.m.d.t.t.k.s.TwitterToKafkaServiceApplication - Started TwitterToKafkaServiceApplication in 0.637 seconds (process running for 1.216)
2023-04-13 13:43:46 [main] INFO  c.m.d.t.t.k.s.TwitterToKafkaServiceApplication - App starts...
2023-04-13 13:43:46 [main] INFO  c.m.d.t.t.k.s.TwitterToKafkaServiceApplication - [Java, Microservices, Spring, Kafka, Elasticsearch]
2023-04-13 13:43:46 [main] INFO  c.m.d.t.t.k.s.TwitterToKafkaServiceApplication - Hello world.. apps is running
2023-04-13 13:44:45 [main] INFO  c.m.d.t.t.k.s.TwitterToKafkaServiceApplication - Starting TwitterToKafkaServiceApplication using Java 20 with PID 20580 (C:\Users\hernan.sanchez\Documents\develop\demos\microservices-demo\twitter-to-kafka-service\target\classes started by hernan.sanchez in C:\Users\hernan.sanchez\Documents\develop\demos\microservices-demo)
2023-04-13 13:44:45 [main] INFO  c.m.d.t.t.k.s.TwitterToKafkaServiceApplication - No active profile set, falling back to 1 default profile: "default"
2023-04-13 13:44:45 [main] INFO  c.m.d.t.t.k.s.TwitterToKafkaServiceApplication - Started TwitterToKafkaServiceApplication in 0.643 seconds (process running for 1.218)
2023-04-13 13:44:45 [main] INFO  c.m.d.t.t.k.s.TwitterToKafkaServiceApplication - App starts...
2023-04-13 13:44:45 [main] INFO  c.m.d.t.t.k.s.TwitterToKafkaServiceApplication - [Java, Microservices, Spring, Kafka, Elasticsearch]
2023-04-13 13:44:45 [main] INFO  c.m.d.t.t.k.s.TwitterToKafkaServiceApplication - Hello world.. app is running
2023-04-13 13:47:35 [main] INFO  c.m.d.t.t.k.s.TwitterToKafkaServiceApplication - Starting TwitterToKafkaServiceApplication using Java 20 with PID 21328 (C:\Users\hernan.sanchez\Documents\develop\demos\microservices-demo\twitter-to-kafka-service\target\classes started by hernan.sanchez in C:\Users\hernan.sanchez\Documents\develop\demos\microservices-demo)
2023-04-13 13:47:35 [main] INFO  c.m.d.t.t.k.s.TwitterToKafkaServiceApplication - No active profile set, falling back to 1 default profile: "default"
2023-04-13 13:47:35 [main] INFO  c.m.d.t.t.k.s.TwitterToKafkaServiceApplication - Started TwitterToKafkaServiceApplication in 0.642 seconds (process running for 1.212)
2023-04-13 13:47:35 [main] INFO  c.m.d.t.t.k.s.TwitterToKafkaServiceApplication - App starts...
2023-04-13 13:47:35 [main] INFO  c.m.d.t.t.k.s.TwitterToKafkaServiceApplication - [Java, Microservices, Spring, Kafka, Elasticsearch]
2023-04-13 13:47:35 [main] INFO  c.m.d.t.t.k.s.TwitterToKafkaServiceApplication - Hello world.. app is running
2023-04-13 13:49:12 [main] INFO  c.m.d.t.t.k.s.TwitterToKafkaServiceApplication - Starting TwitterToKafkaServiceApplication using Java 20 with PID 17100 (C:\Users\hernan.sanchez\Documents\develop\demos\microservices-demo\twitter-to-kafka-service\target\classes started by hernan.sanchez in C:\Users\hernan.sanchez\Documents\develop\demos\microservices-demo)
2023-04-13 13:49:12 [main] INFO  c.m.d.t.t.k.s.TwitterToKafkaServiceApplication - No active profile set, falling back to 1 default profile: "default"
2023-04-13 13:49:13 [main] INFO  c.m.d.t.t.k.s.TwitterToKafkaServiceApplication - Started TwitterToKafkaServiceApplication in 0.649 seconds (process running for 1.228)
2023-04-13 13:49:13 [main] INFO  c.m.d.t.t.k.s.TwitterToKafkaServiceApplication - App starts...
2023-04-13 13:49:13 [main] INFO  c.m.d.t.t.k.s.TwitterToKafkaServiceApplication - [Java, Microservices, Spring, Kafka, Elasticsearch]
2023-04-13 13:49:13 [main] INFO  c.m.d.t.t.k.s.TwitterToKafkaServiceApplication - Hello world.. app is running
